<?xml version="1.0" encoding="UTF-8"?>
<testng-results ignored="0" total="2" passed="2" failed="0" skipped="0">
  <reporter-output>
  </reporter-output>
  <suite started-at="2022-09-06T10:18:36 IST" name="com.fb.qa.testcases.LoginPageTest" finished-at="2022-09-06T10:19:07 IST" duration-ms="31108">
    <groups>
    </groups>
    <test started-at="2022-09-06T10:18:36 IST" name="Command line test" finished-at="2022-09-06T10:19:07 IST" duration-ms="31108">
      <class name="com.fb.qa.testcases.LoginPageTest">
        <test-method is-config="true" signature="setUp()[pri:0, instance:com.fb.qa.testcases.LoginPageTest@7dcf94f8]" started-at="2022-09-06T10:18:36 IST" name="setUp" finished-at="2022-09-06T10:18:49 IST" duration-ms="12910" status="PASS">
          <reporter-output>
          </reporter-output>
        </test-method> <!-- setUp -->
        <test-method signature="FB_logoTest()[pri:1, instance:com.fb.qa.testcases.LoginPageTest@7dcf94f8]" started-at="2022-09-06T10:18:49 IST" name="FB_logoTest" finished-at="2022-09-06T10:18:49 IST" duration-ms="106" status="PASS">
          <reporter-output>
          </reporter-output>
        </test-method> <!-- FB_logoTest -->
        <test-method is-config="true" signature="tearDown()[pri:0, instance:com.fb.qa.testcases.LoginPageTest@7dcf94f8]" started-at="2022-09-06T10:18:49 IST" name="tearDown" finished-at="2022-09-06T10:18:50 IST" duration-ms="933" status="PASS">
          <reporter-output>
          </reporter-output>
        </test-method> <!-- tearDown -->
        <test-method is-config="true" signature="setUp()[pri:0, instance:com.fb.qa.testcases.LoginPageTest@7dcf94f8]" started-at="2022-09-06T10:18:50 IST" name="setUp" finished-at="2022-09-06T10:19:05 IST" duration-ms="14659" status="PASS">
          <reporter-output>
          </reporter-output>
        </test-method> <!-- setUp -->
        <test-method signature="loginTest()[pri:2, instance:com.fb.qa.testcases.LoginPageTest@7dcf94f8]" started-at="2022-09-06T10:19:05 IST" name="loginTest" finished-at="2022-09-06T10:19:06 IST" duration-ms="955" status="PASS">
          <reporter-output>
          </reporter-output>
        </test-method> <!-- loginTest -->
        <test-method is-config="true" signature="tearDown()[pri:0, instance:com.fb.qa.testcases.LoginPageTest@7dcf94f8]" started-at="2022-09-06T10:19:06 IST" name="tearDown" finished-at="2022-09-06T10:19:07 IST" duration-ms="1451" status="PASS">
          <reporter-output>
          </reporter-output>
        </test-method> <!-- tearDown -->
      </class> <!-- com.fb.qa.testcases.LoginPageTest -->
    </test> <!-- Command line test -->
  </suite> <!-- com.fb.qa.testcases.LoginPageTest -->
</testng-results>
